<?xml version="1.0" encoding="UTF-8"?>
<!-- Generated by org.testng.reporters.JUnitReportReporter -->
<testsuite name="Jenkin.Browsers" tests="2" time="0.010" ignored="0" failures="0" timestamp="12 oct 2017 19:28:00 GMT" skipped="0" hostname="MJ138631" errors="0">
  <testcase name="TestOne" time="0.001" classname="Jenkin.Browsers"/>
  <testcase name="TestDos" time="0.009" classname="Jenkin.Browsers"/>
</testsuite> <!-- Jenkin.Browsers -->
